** Warning: (vlib-34) Library already exists at "questa_lib/work".
Errors: 0, Warnings: 1
** Warning: (vlib-34) Library already exists at "questa_lib/msim".
Errors: 0, Warnings: 1
** Warning: (vlib-34) Library already exists at "questa_lib/msim/xil_defaultlib".
Errors: 0, Warnings: 1
QuestaSim-64 vmap 2022.4 Lib Mapping Utility 2022.10 Oct 18 2022
vmap xil_defaultlib questa_lib/msim/xil_defaultlib 
Modifying modelsim.ini
QuestaSim-64 vlog 2022.4 Compiler 2022.10 Oct 18 2022
Start time: 14:10:18 on Jan 21,2024
vlog -64 -incr -mfcu -work xil_defaultlib tb_D_FLIPFLOP_func_synth.v 
-- Compiling module D_FLIPFLOP
-- Compiling module glbl

Top level modules:
	D_FLIPFLOP
	glbl
End time: 14:10:18 on Jan 21,2024, Elapsed time: 0:00:00
Errors: 0, Warnings: 0
QuestaSim-64 vlog 2022.4 Compiler 2022.10 Oct 18 2022
Start time: 14:10:18 on Jan 21,2024
vlog -64 -incr -mfcu -sv -work xil_defaultlib ../../../../../small_des.srcs/sim_1/new/tb_D_FLIPFLOP.sv 
-- Skipping module tb_D_FLIPFLOP

Top level modules:
	tb_D_FLIPFLOP
End time: 14:10:19 on Jan 21,2024, Elapsed time: 0:00:01
Errors: 0, Warnings: 0
