# //  Questa Sim-64
# //  Version 2022.4 linux_x86_64 Oct 18 2022
# //
# //  Copyright 1991-2022 Mentor Graphics Corporation
# //  All Rights Reserved.
# //
# //  QuestaSim and its associated documentation contain trade
# //  secrets and commercial or financial information that are the property of
# //  Mentor Graphics Corporation and are privileged, confidential,
# //  and exempt from disclosure under the Freedom of Information Act,
# //  5 U.S.C. Section 552. Furthermore, this information
# //  is prohibited from disclosure under the Trade Secrets Act,
# //  18 U.S.C. Section 1905.
# //
# do {tb_D_FLIPFLOP_simulate.do}
# vsim -scasyncupdate -lib xil_defaultlib tb_D_FLIPFLOP_opt 
# Start time: 14:10:25 on Jan 21,2024
# Loading sv_std.std
# Loading work.tb_D_FLIPFLOP(fast)
# Loading work.D_FLIPFLOP(fast)
# Loading unisims_ver.PULLDOWN(fast)
# Loading unisims_ver.IBUF(fast)
# Loading unisims_ver.BUFGCE(fast)
# Loading unisims_ver.IBUF(fast__1)
# Loading unisims_ver.OBUF(fast)
# Loading unisims_ver.LUT2(fast)
# Loading unisims_ver.LUT1(fast)
# Loading unisims_ver.FDCE(fast)
# Loading unisims_ver.OR2L(fast)
# Loading unisims_ver.AND2B1L(fast)
# Loading unisims_ver.MUXF7(fast)
# Loading work.glbl(fast)
# ** Warning: (vsim-2685) [TFMPC] - Too few port connections for 'DUT'.  Expected 6, found 5.
#    Time: 0 ps  Iteration: 0  Instance: /tb_D_FLIPFLOP/DUT File: ../../../../../small_des.srcs/sim_1/new/tb_D_FLIPFLOP.sv Line: 30
# ** Warning: (vsim-3722) ../../../../../small_des.srcs/sim_1/new/tb_D_FLIPFLOP.sv(30): [TFMPC] - Missing connection for port 'made_up_gnd_port'.
# 1
# 1
# .main_pane.wave.interior.cs.body.pw.wf
# .main_pane.structure.interior.cs.body.struct
# .main_pane.objects.interior.cs.body.tree
# ** Note: $stop    : ../../../../../small_des.srcs/sim_1/new/tb_D_FLIPFLOP.sv(89)
#    Time: 119 ns  Iteration: 0  Instance: /tb_D_FLIPFLOP
# Break at ../../../../../small_des.srcs/sim_1/new/tb_D_FLIPFLOP.sv line 89
add wave -position insertpoint sim:/tb_D_FLIPFLOP/DUT/q_reg_OR/*
add wave -position insertpoint sim:/tb_D_FLIPFLOP/DUT/q_reg_and1/*
add wave -position insertpoint sim:/tb_D_FLIPFLOP/DUT/q_reg_and2/*
add wave -position insertpoint sim:/tb_D_FLIPFLOP/DUT/q_reg_mux/*
# Causality operation skipped due to absence of debug database file
