** Warning: (vlib-34) Library already exists at "questa_lib/work".
** Warning: (vlib-34) Library already exists at "questa_lib/msim".
** Warning: (vlib-34) Library already exists at "questa_lib/msim/xil_defaultlib".
QuestaSim-64 vmap 2019.4 Lib Mapping Utility 2019.10 Oct 15 2019
vmap xil_defaultlib questa_lib/msim/xil_defaultlib 
Modifying modelsim.ini
QuestaSim-64 vlog 2019.4 Compiler 2019.10 Oct 15 2019
Start time: 19:41:03 on Jan 22,2024
vlog -64 -incr -mfcu -sv -work xil_defaultlib /home/azafeer/Desktop/test/small_des/small_des.gen/sources_1/bd/const_ip/hdl/const_ip_wrapper.v ../../../../small_des.srcs/sources_1/new/D_FLIPFLOP.sv ../../../../small_des.srcs/sim_1/new/tb_D_FLIPFLOP.sv 
-- Compiling module const_ip_wrapper
-- Compiling module D_FLIPFLOP
-- Compiling module tb_D_FLIPFLOP

Top level modules:
	const_ip_wrapper
	tb_D_FLIPFLOP
End time: 19:41:04 on Jan 22,2024, Elapsed time: 0:00:01
Errors: 0, Warnings: 0
QuestaSim-64 vlog 2019.4 Compiler 2019.10 Oct 15 2019
Start time: 19:41:04 on Jan 22,2024
vlog -work xil_defaultlib glbl.v 
-- Compiling module glbl

Top level modules:
	glbl
End time: 19:41:04 on Jan 22,2024, Elapsed time: 0:00:00
Errors: 0, Warnings: 0
