Vivado Simulator v2023.2
Copyright 1986-2022 Xilinx, Inc. All Rights Reserved.
Copyright 2022-2023 Advanced Micro Devices, Inc. All Rights Reserved.
Running: /cad/xilinx/Vivado/2023.2/bin/unwrapped/lnx64.o/xelab --incr --debug typical --relax --mt 8 -L xil_defaultlib -L uvm -L unisims_ver -L secureip --snapshot tb_D_FLIPFLOP_func_synth xil_defaultlib.tb_D_FLIPFLOP xil_defaultlib.glbl -log elaborate.log 
Using 8 slave threads.
Starting static elaboration
Pass Through NonSizing Optimizer
Completed static elaboration
Starting simulation data flow analysis
Completed simulation data flow analysis
Time Resolution for simulation is 1ps
Compiling module unisims_ver.PULLDOWN
Compiling module unisims_ver.PULLUP
Compiling module unisims_ver.IBUF
Compiling module unisims_ver.BUFGCE(CE_TYPE="ASYNC",SIM_DEVIC...
Compiling module unisims_ver.OBUF
Compiling module unisims_ver.x_lut2_mux4
Compiling module unisims_ver.LUT2(INIT=4'b010)
Compiling module unisims_ver.x_lut1_mux2
Compiling module unisims_ver.LUT1(INIT=2'b01)
Compiling module unisims_ver.FDCE_default
Compiling module unisims_ver.OR2L
Compiling module unisims_ver.AND2B1L
Compiling module unisims_ver.MUXF7
Compiling module xil_defaultlib.D_FLIPFLOP
Compiling module xil_defaultlib.tb_D_FLIPFLOP
Compiling module xil_defaultlib.glbl
Built simulation snapshot tb_D_FLIPFLOP_func_synth
